Archive Project report for multiplexer
Thu Oct 05 09:13:00 2017
Quartus II 64-Bit Version 13.0.1 Build 232 06/12/2013 Service Pack 1 SJ Web Edition


---------------------
; Table of Contents ;
---------------------
  1. Legal Notice
  2. Archive Project Summary
  3. Archive Project Messages
  4. Files Archived



----------------
; Legal Notice ;
----------------
Copyright (C) 1991-2013 Altera Corporation
Your use of Altera Corporation's design tools, logic functions 
and other software and tools, and its AMPP partner logic 
functions, and any output files from any of the foregoing 
(including device programming or simulation files), and any 
associated documentation or information are expressly subject 
to the terms and conditions of the Altera Program License 
Subscription Agreement, Altera MegaCore Function License 
Agreement, or other applicable license agreement, including, 
without limitation, that your use is for the sole purpose of 
programming logic devices manufactured by Altera and sold by 
Altera or its authorized distributors.  Please refer to the 
applicable agreement for further details.



+----------------------------------------------------------------+
; Archive Project Summary                                        ;
+------------------------+---------------------------------------+
; Archive Project Status ; Successful - Thu Oct 05 09:13:00 2017 ;
; Revision Name          ; multiplexer                           ;
; Top-level Entity Name  ; multiplexer                           ;
; Family                 ; Cyclone II                            ;
+------------------------+---------------------------------------+


+--------------------------+
; Archive Project Messages ;
+--------------------------+
Info: File Set 'Source control' contains:
    Info: Project source and settings files
    Info: Automatically detected source files
Critical Warning: Analysis & Elaboration was not run successfully
    Critical Warning: The 'Automatically detected source files' file subset will attempt to guess which files are needed. The archive file will likely be larger than required and may still be incomplete.
Info: Parsing: multiplexer.vhd
Info: ----------------------------------------------------------
Info: ----------------------------------------------------------
Info: Generated archive 'D:/Eigene_Dateien/Lehrbetrieb/TI/Praktikum/ALTERA/_neu/Versuch_1_VHDL/MUX_x0002/multiplexer.qar'
Info: ----------------------------------------------------------
Info: ----------------------------------------------------------
Info: Generated report 'multiplexer.archive.rpt'
Info (23030): Evaluation of Tcl script c:/altera/13.0sp1/quartus/common/tcl/apps/qpm/qar.tcl was successful
Info: Quartus II 64-Bit Shell was successful. 0 errors, 2 warnings
    Info: Peak virtual memory: 362 megabytes
    Info: Processing ended: Thu Oct 05 09:13:00 2017
    Info: Elapsed time: 00:00:01
    Info: Total CPU time (on all processors): 00:00:01


+--------------------------------------------------------+
; Files Archived                                         ;
+--------------------------------------------------------+
; File Name                                              ;
+--------------------------------------------------------+
; assignment_defaults.qdf                                ;
; incremental_db/compiled_partitions/multiplexer.db_info ;
; multiplexer.qpf                                        ;
; multiplexer.qsf                                        ;
; multiplexer.vhd                                        ;
; output_files/multiplexer.asm.rpt                       ;
; output_files/multiplexer.cdf                           ;
; output_files/multiplexer.done                          ;
; output_files/multiplexer.fit.rpt                       ;
; output_files/multiplexer.fit.smsg                      ;
; output_files/multiplexer.fit.summary                   ;
; output_files/multiplexer.flow.rpt                      ;
; output_files/multiplexer.jdi                           ;
; output_files/multiplexer.map.rpt                       ;
; output_files/multiplexer.map.summary                   ;
; output_files/multiplexer.pin                           ;
; output_files/multiplexer.pof                           ;
; output_files/multiplexer.restore.rpt                   ;
; output_files/multiplexer.sof                           ;
; output_files/multiplexer.sta.rpt                       ;
; output_files/multiplexer.sta.summary                   ;
+--------------------------------------------------------+


